

Microchip Technology PIC18 LITE Macro Assembler V1.45 build -152302408 
                                                                                               Fri Feb 02 01:50:14 2018

Microchip Technology Omniscient Code Generator v1.45 (Free mode) build 201711160504
     1                           	processor	18F26K80
     2                           	fnconf	rparam,??,?,0
     3                           	opt	pw 120
     4                           	opt	lm
     5                           	psect	cinit,global,reloc=2,class=CODE,delta=1
     6                           	psect	cstackCOMRAM,global,class=COMRAM,space=1,delta=1,noexec
     7                           	psect	text0,global,reloc=2,class=CODE,delta=1
     8                           	psect	text1,global,reloc=2,class=CODE,delta=1
     9                           	psect	text2,global,reloc=2,class=CODE,delta=1
    10                           	psect	text3,global,reloc=2,class=CODE,delta=1
    11                           	psect	intsave_regs,global,class=BIGRAM,space=1,delta=1,noexec
    12                           	psect	rparam,global,class=COMRAM,space=1,delta=1,noexec
    13  0000                     
    14                           ; Version 1.45
    15                           ; Generated 16/11/2017 GMT
    16                           ; 
    17                           ; Copyright © 2017, Microchip Technology Inc. and its subsidiaries ("Microchip")
    18                           ; All rights reserved.
    19                           ; 
    20                           ; This software is developed by Microchip Technology Inc. and its subsidiaries ("Microch
      +                          ip").
    21                           ; 
    22                           ; Redistribution and use in source and binary forms, with or without modification, are
    23                           ; permitted provided that the following conditions are met:
    24                           ; 
    25                           ;     1. Redistributions of source code must retain the above copyright notice, this lis
      +                          t of
    26                           ;        conditions and the following disclaimer.
    27                           ; 
    28                           ;     2. Redistributions in binary form must reproduce the above copyright notice, this 
      +                          list
    29                           ;        of conditions and the following disclaimer in the documentation and/or other
    30                           ;        materials provided with the distribution.
    31                           ; 
    32                           ;     3. Microchip's name may not be used to endorse or promote products derived from th
      +                          is
    33                           ;        software without specific prior written permission.
    34                           ; 
    35                           ; THIS SOFTWARE IS PROVIDED BY MICROCHIP "AS IS" AND ANY EXPRESS OR IMPLIED WARRANTIES,
    36                           ; INCLUDING, BUT NOT LIMITED TO, THE IMPLIED WARRANTIES OF MERCHANTABILITY AND FITNESS F
      +                          OR
    37                           ; PURPOSE ARE DISCLAIMED.  IN NO EVENT SHALL MICROCHIP BE LIABLE FOR ANY DIRECT, INDIREC
      +                          T,
    38                           ; INCIDENTAL, SPECIAL, EXEMPLARY, OR CONSEQUENTIAL DAMAGES (INCLUDING BUT NOT LIMITED TO
    39                           ; PROCUREMENT OF SUBSTITUTE GOODS OR SERVICES; LOSS OF USE, DATA OR PROFITS; OR BUSINESS
    40                           ; INTERRUPTION) HOWSOEVER CAUSED AND ON ANY THEORY OF LIABILITY, WHETHER IN CONTRACT, ST
      +                          RICT
    41                           ; LIABILITY, OR TORT (INCLUDING NEGLIGENCE OR OTHERWISE) ARISING IN ANY WAY OUT OF THE U
      +                          SE OF
    42                           ; THIS SOFTWARE, EVEN IF ADVISED OF THE POSSIBILITY OF SUCH DAMAGE.
    43                           ; 
    44                           ; 
    45                           ; Code-generator required, PIC18F26K80 Definitions
    46                           ; 
    47                           ; SFR Addresses
    48  0000                     _WPUB	set	3931
    49  0000                     _ANCON1	set	3932
    50  0000                     _ANCON0	set	3933
    51  0000                     _LATCbits	set	3979
    52  0000                     _REFOCON	set	3994
    53  0000                     _OSCTUNE	set	3995
    54  0000                     _OSCCON2	set	4050
    55  0000                     _OSCCON	set	4051
    56  0000                     _INTCON2bits	set	4081
    57  0000                     _TRISC	set	3988
    58  0000                     _TRISB	set	3987
    59  0000                     _TRISA	set	3986
    60  0000                     _LATC	set	3979
    61  0000                     _LATB	set	3978
    62  0000                     _LATA	set	3977
    63                           
    64                           ; #config settings
    65  0000                     
    66                           	psect	cinit
    67  00FF7C                     __pcinit:
    68                           	opt stack 0
    69  00FF7C                     start_initialization:
    70                           	opt stack 0
    71  00FF7C                     __initialization:
    72                           	opt stack 0
    73  00FF7C                     end_of_initialization:
    74                           	opt stack 0
    75  00FF7C                     __end_of__initialization:
    76                           	opt stack 0
    77  00FF7C  0100               	movlb	0
    78  00FF7E  EFE3  F07F         	goto	_main	;jump to C main() function
    79                           
    80                           	psect	cstackCOMRAM
    81  000001                     __pcstackCOMRAM:
    82                           	opt stack 0
    83  000001                     ??_main:
    84                           
    85                           ; 1 bytes @ 0x0
    86  000001                     	ds	2
    87                           
    88 ;;
    89 ;;Main: autosize = 0, tempsize = 2, incstack = 0, save=0
    90 ;;
    91 ;; *************** function _main *****************
    92 ;; Defined at:
    93 ;;		line 49 in file "main.c"
    94 ;; Parameters:    Size  Location     Type
    95 ;;		None
    96 ;; Auto vars:     Size  Location     Type
    97 ;;		None
    98 ;; Return value:  Size  Location     Type
    99 ;;                  1    wreg      void 
   100 ;; Registers used:
   101 ;;		wreg, status,2, cstack
   102 ;; Tracked objects:
   103 ;;		On entry : 0/0
   104 ;;		On exit  : 0/0
   105 ;;		Unchanged: 0/0
   106 ;; Data sizes:     COMRAM   BANK0   BANK1   BANK2   BANK3   BANK4   BANK5   BANK6   BANK7   BANK8   BANK9  BANK10  BANK1
      +1  BANK12  BANK13  BANK14
   107 ;;      Params:         0       0       0       0       0       0       0       0       0       0       0       0       
      +0       0       0       0
   108 ;;      Locals:         0       0       0       0       0       0       0       0       0       0       0       0       
      +0       0       0       0
   109 ;;      Temps:          2       0       0       0       0       0       0       0       0       0       0       0       
      +0       0       0       0
   110 ;;      Totals:         2       0       0       0       0       0       0       0       0       0       0       0       
      +0       0       0       0
   111 ;;Total ram usage:        2 bytes
   112 ;; Hardware stack levels required when called:    2
   113 ;; This function calls:
   114 ;;		_SYSTEM_Initialize
   115 ;; This function is called by:
   116 ;;		Startup code after reset
   117 ;; This function uses a non-reentrant model
   118 ;;
   119                           
   120                           	psect	text0
   121  00FFC6                     __ptext0:
   122                           	opt stack 0
   123  00FFC6                     _main:
   124                           	opt stack 29
   125                           
   126                           ;main.c: 52: SYSTEM_Initialize();
   127                           
   128                           ;incstack = 0
   129  00FFC6  ECC1  F07F         	call	_SYSTEM_Initialize	;wreg free
   130  00FFCA                     
   131                           ;main.c: 71: {
   132                           ;main.c: 72: LATC = 0x08;
   133  00FFCA  0E08               	movlw	8
   134  00FFCC  6E8B               	movwf	3979,c	;volatile
   135                           
   136                           ;main.c: 75: do { LATCbits.LATC3 = 1; } while(0);
   137  00FFCE  868B               	bsf	3979,3,c	;volatile
   138                           
   139                           ;main.c: 76: _delay((unsigned long)((1000)*(8000000/4000.0)));
   140  00FFD0  0E0B               	movlw	11
   141  00FFD2  6E02               	movwf	(??_main+1)& (0+255),c
   142  00FFD4  0E26               	movlw	38
   143  00FFD6  6E01               	movwf	??_main& (0+255),c
   144  00FFD8  0E5E               	movlw	94
   145  00FFDA                     u17:
   146  00FFDA  2EE8               	decfsz	wreg,f,c
   147  00FFDC  D7FE               	bra	u17
   148  00FFDE  2E01               	decfsz	??_main& (0+255),f,c
   149  00FFE0  D7FC               	bra	u17
   150  00FFE2  2E02               	decfsz	(??_main+1)& (0+255),f,c
   151  00FFE4  D7FA               	bra	u17
   152                           
   153                           ;main.c: 77: do { LATCbits.LATC3 = 0; } while(0);
   154  00FFE6  968B               	bcf	3979,3,c	;volatile
   155                           
   156                           ;main.c: 78: _delay((unsigned long)((1000)*(8000000/4000.0)));
   157  00FFE8  0E0B               	movlw	11
   158  00FFEA  6E02               	movwf	(??_main+1)& (0+255),c
   159  00FFEC  0E26               	movlw	38
   160  00FFEE  6E01               	movwf	??_main& (0+255),c
   161  00FFF0  0E5E               	movlw	94
   162  00FFF2                     u27:
   163  00FFF2  2EE8               	decfsz	wreg,f,c
   164  00FFF4  D7FE               	bra	u27
   165  00FFF6  2E01               	decfsz	??_main& (0+255),f,c
   166  00FFF8  D7FC               	bra	u27
   167  00FFFA  2E02               	decfsz	(??_main+1)& (0+255),f,c
   168  00FFFC  D7FA               	bra	u27
   169  00FFFE  D7E5               	goto	l57
   170  010000                     __end_of_main:
   171                           	opt stack 0
   172                           wreg	equ	0xFE8
   173                           
   174 ;; *************** function _SYSTEM_Initialize *****************
   175 ;; Defined at:
   176 ;;		line 112 in file "mcc_generated_files/mcc.c"
   177 ;; Parameters:    Size  Location     Type
   178 ;;		None
   179 ;; Auto vars:     Size  Location     Type
   180 ;;		None
   181 ;; Return value:  Size  Location     Type
   182 ;;                  1    wreg      void 
   183 ;; Registers used:
   184 ;;		wreg, status,2, cstack
   185 ;; Tracked objects:
   186 ;;		On entry : 0/0
   187 ;;		On exit  : 0/0
   188 ;;		Unchanged: 0/0
   189 ;; Data sizes:     COMRAM   BANK0   BANK1   BANK2   BANK3   BANK4   BANK5   BANK6   BANK7   BANK8   BANK9  BANK10  BANK1
      +1  BANK12  BANK13  BANK14
   190 ;;      Params:         0       0       0       0       0       0       0       0       0       0       0       0       
      +0       0       0       0
   191 ;;      Locals:         0       0       0       0       0       0       0       0       0       0       0       0       
      +0       0       0       0
   192 ;;      Temps:          0       0       0       0       0       0       0       0       0       0       0       0       
      +0       0       0       0
   193 ;;      Totals:         0       0       0       0       0       0       0       0       0       0       0       0       
      +0       0       0       0
   194 ;;Total ram usage:        0 bytes
   195 ;; Hardware stack levels used:    1
   196 ;; Hardware stack levels required when called:    1
   197 ;; This function calls:
   198 ;;		_OSCILLATOR_Initialize
   199 ;;		_PIN_MANAGER_Initialize
   200 ;; This function is called by:
   201 ;;		_main
   202 ;; This function uses a non-reentrant model
   203 ;;
   204                           
   205                           	psect	text1
   206  00FF82                     __ptext1:
   207                           	opt stack 0
   208  00FF82                     _SYSTEM_Initialize:
   209                           	opt stack 29
   210                           
   211                           ;mcc.c: 114: PIN_MANAGER_Initialize();
   212                           
   213                           ;incstack = 0
   214  00FF82  ECCF  F07F         	call	_PIN_MANAGER_Initialize	;wreg free
   215                           
   216                           ;mcc.c: 115: OSCILLATOR_Initialize();
   217  00FF86  ECC6  F07F         	call	_OSCILLATOR_Initialize	;wreg free
   218  00FF8A  0012               	return		;funcret
   219  00FF8C                     __end_of_SYSTEM_Initialize:
   220                           	opt stack 0
   221                           wreg	equ	0xFE8
   222                           
   223 ;; *************** function _PIN_MANAGER_Initialize *****************
   224 ;; Defined at:
   225 ;;		line 52 in file "mcc_generated_files/pin_manager.c"
   226 ;; Parameters:    Size  Location     Type
   227 ;;		None
   228 ;; Auto vars:     Size  Location     Type
   229 ;;		None
   230 ;; Return value:  Size  Location     Type
   231 ;;                  1    wreg      void 
   232 ;; Registers used:
   233 ;;		wreg, status,2
   234 ;; Tracked objects:
   235 ;;		On entry : 0/0
   236 ;;		On exit  : 0/0
   237 ;;		Unchanged: 0/0
   238 ;; Data sizes:     COMRAM   BANK0   BANK1   BANK2   BANK3   BANK4   BANK5   BANK6   BANK7   BANK8   BANK9  BANK10  BANK1
      +1  BANK12  BANK13  BANK14
   239 ;;      Params:         0       0       0       0       0       0       0       0       0       0       0       0       
      +0       0       0       0
   240 ;;      Locals:         0       0       0       0       0       0       0       0       0       0       0       0       
      +0       0       0       0
   241 ;;      Temps:          0       0       0       0       0       0       0       0       0       0       0       0       
      +0       0       0       0
   242 ;;      Totals:         0       0       0       0       0       0       0       0       0       0       0       0       
      +0       0       0       0
   243 ;;Total ram usage:        0 bytes
   244 ;; Hardware stack levels used:    1
   245 ;; This function calls:
   246 ;;		Nothing
   247 ;; This function is called by:
   248 ;;		_SYSTEM_Initialize
   249 ;; This function uses a non-reentrant model
   250 ;;
   251                           
   252                           	psect	text2
   253  00FF9E                     __ptext2:
   254                           	opt stack 0
   255  00FF9E                     _PIN_MANAGER_Initialize:
   256                           	opt stack 29
   257                           
   258                           ;pin_manager.c: 57: LATA = 0x0A;
   259                           
   260                           ;incstack = 0
   261  00FF9E  0E0A               	movlw	10
   262  00FFA0  6E89               	movwf	3977,c	;volatile
   263                           
   264                           ;pin_manager.c: 58: LATB = 0x00;
   265  00FFA2  0E00               	movlw	0
   266  00FFA4  6E8A               	movwf	3978,c	;volatile
   267                           
   268                           ;pin_manager.c: 59: LATC = 0x08;
   269  00FFA6  0E08               	movlw	8
   270  00FFA8  6E8B               	movwf	3979,c	;volatile
   271                           
   272                           ;pin_manager.c: 64: TRISA = 0xED;
   273  00FFAA  0EED               	movlw	237
   274  00FFAC  6E92               	movwf	3986,c	;volatile
   275                           
   276                           ;pin_manager.c: 65: TRISB = 0xFF;
   277  00FFAE  6893               	setf	3987,c	;volatile
   278                           
   279                           ;pin_manager.c: 66: TRISC = 0xF7;
   280  00FFB0  0EF7               	movlw	247
   281  00FFB2  6E94               	movwf	3988,c	;volatile
   282                           
   283                           ;pin_manager.c: 71: ANCON0 = 0x14;
   284  00FFB4  0E14               	movlw	20
   285  00FFB6  010F               	movlb	15	; () banked
   286  00FFB8  6F5D               	movwf	93,b	;volatile
   287                           
   288                           ;pin_manager.c: 72: ANCON1 = 0x07;
   289  00FFBA  0E07               	movlw	7
   290  00FFBC  6F5C               	movwf	92,b	;volatile
   291                           
   292                           ;pin_manager.c: 77: WPUB = 0x00;
   293  00FFBE  0E00               	movlw	0
   294  00FFC0  6F5B               	movwf	91,b	;volatile
   295                           
   296                           ; BSR set to: 15
   297                           ;pin_manager.c: 78: INTCON2bits.nRBPU = 1;
   298  00FFC2  8EF1               	bsf	intcon2,7,c	;volatile
   299                           
   300                           ; BSR set to: 15
   301  00FFC4  0012               	return		;funcret
   302  00FFC6                     __end_of_PIN_MANAGER_Initialize:
   303                           	opt stack 0
   304                           intcon2	equ	0xFF1
   305                           wreg	equ	0xFE8
   306                           
   307 ;; *************** function _OSCILLATOR_Initialize *****************
   308 ;; Defined at:
   309 ;;		line 118 in file "mcc_generated_files/mcc.c"
   310 ;; Parameters:    Size  Location     Type
   311 ;;		None
   312 ;; Auto vars:     Size  Location     Type
   313 ;;		None
   314 ;; Return value:  Size  Location     Type
   315 ;;                  1    wreg      void 
   316 ;; Registers used:
   317 ;;		wreg, status,2
   318 ;; Tracked objects:
   319 ;;		On entry : 0/0
   320 ;;		On exit  : 0/0
   321 ;;		Unchanged: 0/0
   322 ;; Data sizes:     COMRAM   BANK0   BANK1   BANK2   BANK3   BANK4   BANK5   BANK6   BANK7   BANK8   BANK9  BANK10  BANK1
      +1  BANK12  BANK13  BANK14
   323 ;;      Params:         0       0       0       0       0       0       0       0       0       0       0       0       
      +0       0       0       0
   324 ;;      Locals:         0       0       0       0       0       0       0       0       0       0       0       0       
      +0       0       0       0
   325 ;;      Temps:          0       0       0       0       0       0       0       0       0       0       0       0       
      +0       0       0       0
   326 ;;      Totals:         0       0       0       0       0       0       0       0       0       0       0       0       
      +0       0       0       0
   327 ;;Total ram usage:        0 bytes
   328 ;; Hardware stack levels used:    1
   329 ;; This function calls:
   330 ;;		Nothing
   331 ;; This function is called by:
   332 ;;		_SYSTEM_Initialize
   333 ;; This function uses a non-reentrant model
   334 ;;
   335                           
   336                           	psect	text3
   337  00FF8C                     __ptext3:
   338                           	opt stack 0
   339  00FF8C                     _OSCILLATOR_Initialize:
   340                           	opt stack 29
   341                           
   342                           ;mcc.c: 121: OSCCON = 0x60;
   343                           
   344                           ; BSR set to: 15
   345                           ;incstack = 0
   346  00FF8C  0E60               	movlw	96
   347  00FF8E  6ED3               	movwf	4051,c	;volatile
   348                           
   349                           ;mcc.c: 123: OSCCON2 = 0x00;
   350  00FF90  0E00               	movlw	0
   351  00FF92  6ED2               	movwf	4050,c	;volatile
   352                           
   353                           ;mcc.c: 125: OSCTUNE = 0x00;
   354  00FF94  0E00               	movlw	0
   355  00FF96  6E9B               	movwf	3995,c	;volatile
   356                           
   357                           ;mcc.c: 127: REFOCON = 0x00;
   358  00FF98  0E00               	movlw	0
   359  00FF9A  6E9A               	movwf	3994,c	;volatile
   360  00FF9C  0012               	return		;funcret
   361  00FF9E                     __end_of_OSCILLATOR_Initialize:
   362                           	opt stack 0
   363  0000                     intcon2	equ	0xFF1
   364                           wreg	equ	0xFE8
   365                           intcon2	equ	0xFF1
   366                           wreg	equ	0xFE8
   367                           
   368                           	psect	rparam
   369  0000                     intcon2	equ	0xFF1
   370                           wreg	equ	0xFE8


Data Sizes:
    Strings     0
    Constant    0
    Data        0
    BSS         0
    Persistent  0
    Stack       0

Auto Spaces:
    Space          Size  Autos    Used
    COMRAM           95      2       2
    BANK0           160      0       0
    BANK1           256      0       0
    BANK2           256      0       0
    BANK3           256      0       0
    BANK4           256      0       0
    BANK5           256      0       0
    BANK6           256      0       0
    BANK7           256      0       0
    BANK8           256      0       0
    BANK9           256      0       0
    BANK10          256      0       0
    BANK11          256      0       0
    BANK12          256      0       0
    BANK13          256      0       0
    BANK14           65      0       0

Pointer List with Targets:

    None.

Critical Paths under _main in COMRAM

    None.

Critical Paths under _main in BANK0

    None.

Critical Paths under _main in BANK1

    None.

Critical Paths under _main in BANK2

    None.

Critical Paths under _main in BANK3

    None.

Critical Paths under _main in BANK4

    None.

Critical Paths under _main in BANK5

    None.

Critical Paths under _main in BANK6

    None.

Critical Paths under _main in BANK7

    None.

Critical Paths under _main in BANK8

    None.

Critical Paths under _main in BANK9

    None.

Critical Paths under _main in BANK10

    None.

Critical Paths under _main in BANK11

    None.

Critical Paths under _main in BANK12

    None.

Critical Paths under _main in BANK13

    None.

Critical Paths under _main in BANK14

    None.

Call Graph Tables:

 ---------------------------------------------------------------------------------
 (Depth) Function   	        Calls       Base Space   Used Autos Params    Refs
 ---------------------------------------------------------------------------------
 (0) _main                                                 2     2      0       0
                                              0 COMRAM     2     2      0
                  _SYSTEM_Initialize
 ---------------------------------------------------------------------------------
 (1) _SYSTEM_Initialize                                    0     0      0       0
              _OSCILLATOR_Initialize
             _PIN_MANAGER_Initialize
 ---------------------------------------------------------------------------------
 (2) _PIN_MANAGER_Initialize                               0     0      0       0
 ---------------------------------------------------------------------------------
 (2) _OSCILLATOR_Initialize                                0     0      0       0
 ---------------------------------------------------------------------------------
 Estimated maximum stack depth 2
 ---------------------------------------------------------------------------------

 Call Graph Graphs:

 _main (ROOT)
   _SYSTEM_Initialize
     _OSCILLATOR_Initialize
     _PIN_MANAGER_Initialize

 Address spaces:
Name               Size   Autos  Total    Cost      Usage
BITCOMRAM           5F      0       0       0        0.0%
EEDATA             400      0       0       0        0.0%
NULL                 0      0       0       0        0.0%
CODE                 0      0       0       0        0.0%
COMRAM              5F      2       2       1        2.1%
STACK                0      0       0       2        0.0%
DATA                 0      0       0       3        0.0%
BITBANK0            A0      0       0       4        0.0%
BANK0               A0      0       0       5        0.0%
ABS                  0      0       0       6        0.0%
BITBANK1           100      0       0       7        0.0%
BANK1              100      0       0       8        0.0%
BITBANK2           100      0       0       9        0.0%
BANK2              100      0       0      10        0.0%
BITBANK3           100      0       0      11        0.0%
BANK3              100      0       0      12        0.0%
BITBANK4           100      0       0      13        0.0%
BANK4              100      0       0      14        0.0%
BITBANK5           100      0       0      15        0.0%
BANK5              100      0       0      16        0.0%
BITBANK6           100      0       0      17        0.0%
BANK6              100      0       0      18        0.0%
BITBANK7           100      0       0      19        0.0%
BANK7              100      0       0      20        0.0%
BITBANK8           100      0       0      21        0.0%
BANK8              100      0       0      22        0.0%
BITBANK9           100      0       0      23        0.0%
BANK9              100      0       0      24        0.0%
BITBANK10          100      0       0      25        0.0%
BANK10             100      0       0      26        0.0%
BITBANK11          100      0       0      27        0.0%
BANK11             100      0       0      28        0.0%
BITBANK12          100      0       0      29        0.0%
BANK12             100      0       0      30        0.0%
BITBANK13          100      0       0      31        0.0%
BANK13             100      0       0      32        0.0%
BITBANK14           41      0       0      33        0.0%
BANK14              41      0       0      34        0.0%
BIGRAM             E40      0       0      35        0.0%
BITSFR_2             0      0       0     200        0.0%
SFR_2                0      0       0     200        0.0%
BITSFR_1             0      0       0     200        0.0%
SFR_1                0      0       0     200        0.0%
BITSFR               0      0       0     200        0.0%
SFR                  0      0       0     200        0.0%


Microchip Technology PIC18 Macro Assembler V1.45 build -152302408 
Symbol Table                                                                                   Fri Feb 02 01:50:14 2018

                             l57 FFCA                               u17 FFDA  
                             u27 FFF2                      __CFG_BORV$3 000000  
                   __CFG_CP0$OFF 000000                     __CFG_CP1$OFF 000000  
                   __CFG_CP2$OFF 000000                     __CFG_CP3$OFF 000000  
                   __CFG_CPB$OFF 000000                     __CFG_CPD$OFF 000000  
                            wreg 000FE8                             _LATA 000F89  
                           _LATB 000F8A                             _LATC 000F8B  
                           _WPUB 000F5B                             _main FFC6  
                           start 0000                    __CFG_IESO$OFF 000000  
                  __CFG_MCLRE$ON 000000                     ___param_bank 000000  
 __size_of_OSCILLATOR_Initialize 0012    __end_of_OSCILLATOR_Initialize FF9E  
                          ?_main 0001                            _TRISA 000F92  
                          _TRISB 000F93                            _TRISC 000F94  
                  __CFG_WRT0$OFF 000000                    __CFG_WRT1$OFF 000000  
                  __CFG_WRT2$OFF 000000                    __CFG_WRT3$OFF 000000  
                 __CFG_EBTR0$OFF 000000                   __CFG_FCMEN$OFF 000000  
                 __CFG_EBTR1$OFF 000000                   __CFG_EBTR2$OFF 000000  
                 __CFG_EBTR3$OFF 000000                    __CFG_WRTB$OFF 000000  
                  __CFG_WRTC$OFF 000000                    __CFG_WRTD$OFF 000000  
                 __CFG_EBTRB$OFF 000000                  __initialization FF7C  
                   __end_of_main 0000                           ??_main 0001  
                  __activetblptr 000000                   __CFG_RETEN$OFF 000000  
                         _ANCON0 000F5D                           _ANCON1 000F5C  
                __CFG_BBSIZ$BB2K 000000                   __CFG_WDTEN$OFF 000000  
                         _OSCCON 000FD3                   __CFG_XINST$OFF 000000  
                 __CFG_STVREN$ON 000000                _SYSTEM_Initialize FF82  
                     __accesstop 0060          __end_of__initialization FF7C  
             ?_SYSTEM_Initialize 0001                    ___rparam_used 000001  
                 __pcstackCOMRAM 0001              ??_SYSTEM_Initialize 0001  
      __end_of_SYSTEM_Initialize FF8C                  __CFG_PLLCFG$OFF 000000  
               __CFG_CANMX$PORTB 000000                          _REFOCON 000F9A  
                        _OSCCON2 000FD2                          _OSCTUNE 000F9B  
                __CFG_PWRTEN$OFF 000000                          __Hparam 0000  
                        __Lparam 0000                          __pcinit FF7C  
                        __ramtop 0F00                          __ptext0 FFC6  
                        __ptext1 FF82                          __ptext2 FF9E  
                        __ptext3 FF8C            _OSCILLATOR_Initialize FF8C  
       ??_PIN_MANAGER_Initialize 0001                __CFG_MSSPMSK$MSK7 000000  
     __size_of_SYSTEM_Initialize 000A             end_of_initialization FF7C  
               __CFG_FOSC$INTIO2 000000           ?_OSCILLATOR_Initialize 0001  
            start_initialization FF7C  __size_of_PIN_MANAGER_Initialize 0028  
         _PIN_MANAGER_Initialize FF9E                         _LATCbits 000F8B  
               __CFG_SOSCSEL$DIG 000000                      _INTCON2bits 000FF1  
                       __Hrparam 0000                         __Lrparam 0000  
             __CFG_BOREN$SBORDIS 000000          ??_OSCILLATOR_Initialize 0001  
                  __size_of_main 003A              __CFG_INTOSCSEL$HIGH 000000  
        ?_PIN_MANAGER_Initialize 0001               __CFG_WDTPS$1048576 000000  
 __end_of_PIN_MANAGER_Initialize FFC6              __CFG_BORPWR$ZPBORMV 000000  
